<?xml version="1.0"?>
<coverage generated="1733918783">
  <project timestamp="1733918783">
    <metrics packages="0" files="61" loc="1714" ncloc="1551" classes="59" methods="89" coveredmethods="15" statements="275" coveredstatements="59" elements="364" coveredelements="74" conditionals="0" coveredconditionals="0"/>
    <file name="/home/zavoram/kecal/app/Model/Exception/Logic/InvalidArgumentException.php">
      <metrics loc="10" ncloc="10" classes="1" methods="0" coveredmethods="0" statements="0" coveredstatements="0" elements="0" coveredelements="0" conditionals="0" coveredconditionals="0"/>
      <class namespace="App\Model\Exception\Logic" name="InvalidArgumentException">
        <metrics methods="0" coveredmethods="0" statements="0" coveredstatements="0" conditionals="0" coveredconditionals="0" elements="0" coveredelements="0"/>
      </class>
    </file>
    <file name="/home/zavoram/kecal/app/Model/Exception/LogicException.php">
      <metrics loc="8" ncloc="8" classes="1" methods="0" coveredmethods="0" statements="0" coveredstatements="0" elements="0" coveredelements="0" conditionals="0" coveredconditionals="0"/>
      <class namespace="App\Model\Exception" name="LogicException">
        <metrics methods="0" coveredmethods="0" statements="0" coveredstatements="0" conditionals="0" coveredconditionals="0" elements="0" coveredelements="0"/>
      </class>
    </file>
    <file name="/home/zavoram/kecal/app/Model/Exception/RuntimeException.php">
      <metrics loc="8" ncloc="8" classes="1" methods="0" coveredmethods="0" statements="0" coveredstatements="0" elements="0" coveredelements="0" conditionals="0" coveredconditionals="0"/>
      <class namespace="App\Model\Exception" name="RuntimeException">
        <metrics methods="0" coveredmethods="0" statements="0" coveredstatements="0" conditionals="0" coveredconditionals="0" elements="0" coveredelements="0"/>
      </class>
    </file>
    <file name="/home/zavoram/kecal/app/Model/Exception/Runtime/IOException.php">
      <metrics loc="10" ncloc="10" classes="1" methods="0" coveredmethods="0" statements="0" coveredstatements="0" elements="0" coveredelements="0" conditionals="0" coveredconditionals="0"/>
      <class namespace="App\Model\Exception\Runtime" name="IOException">
        <metrics methods="0" coveredmethods="0" statements="0" coveredstatements="0" conditionals="0" coveredconditionals="0" elements="0" coveredelements="0"/>
      </class>
    </file>
    <file name="/home/zavoram/kecal/app/Model/Exception/Runtime/InvalidStateException.php">
      <metrics loc="10" ncloc="10" classes="1" methods="0" coveredmethods="0" statements="0" coveredstatements="0" elements="0" coveredelements="0" conditionals="0" coveredconditionals="0"/>
      <class namespace="App\Model\Exception\Runtime" name="InvalidStateException">
        <metrics methods="0" coveredmethods="0" statements="0" coveredstatements="0" conditionals="0" coveredconditionals="0" elements="0" coveredelements="0"/>
      </class>
    </file>
    <file name="/home/zavoram/kecal/app/Model/Exception/Runtime/AuthenticationException.php">
      <metrics loc="10" ncloc="10" classes="1" methods="0" coveredmethods="0" statements="0" coveredstatements="0" elements="0" coveredelements="0" conditionals="0" coveredconditionals="0"/>
      <class namespace="App\Model\Exception\Runtime" name="AuthenticationException">
        <metrics methods="0" coveredmethods="0" statements="0" coveredstatements="0" conditionals="0" coveredconditionals="0" elements="0" coveredelements="0"/>
      </class>
    </file>
    <file name="/home/zavoram/kecal/app/Model/Router/RouterFactory.php">
      <metrics loc="37" ncloc="37" classes="1" methods="4" coveredmethods="4" statements="11" coveredstatements="11" elements="15" coveredelements="15" conditionals="0" coveredconditionals="0"/>
      <class namespace="App\Model\Router" name="RouterFactory">
        <metrics methods="4" coveredmethods="4" statements="11" coveredstatements="11" conditionals="0" coveredconditionals="0" elements="15" coveredelements="15"/>
      </class>
      <line num="14" type="stmt" count="1"/>
      <line num="19" type="stmt" count="1"/>
      <line num="20" type="stmt" count="1"/>
      <line num="22" type="stmt" count="1"/>
      <line num="27" type="stmt" count="1"/>
      <line num="28" type="stmt" count="1"/>
      <line num="33" type="stmt" count="1"/>
      <line num="34" type="stmt" count="1"/>
      <line num="38" type="stmt" count="1"/>
      <line num="15" type="stmt" count="1"/>
      <line num="29" type="stmt" count="1"/>
      <line num="35" type="stmt" count="1"/>
    </file>
    <file name="/home/zavoram/kecal/app/Model/App.php">
      <metrics loc="14" ncloc="14" classes="1" methods="0" coveredmethods="0" statements="0" coveredstatements="0" elements="0" coveredelements="0" conditionals="0" coveredconditionals="0"/>
      <class namespace="App\Model" name="App">
        <metrics methods="0" coveredmethods="0" statements="0" coveredstatements="0" conditionals="0" coveredconditionals="0" elements="0" coveredelements="0"/>
      </class>
    </file>
    <file name="/home/zavoram/kecal/app/Model/Utils/Validators.php">
      <metrics loc="10" ncloc="10" classes="1" methods="0" coveredmethods="0" statements="0" coveredstatements="0" elements="0" coveredelements="0" conditionals="0" coveredconditionals="0"/>
      <class namespace="App\Model\Utils" name="Validators">
        <metrics methods="0" coveredmethods="0" statements="0" coveredstatements="0" conditionals="0" coveredconditionals="0" elements="0" coveredelements="0"/>
      </class>
    </file>
    <file name="/home/zavoram/kecal/app/Model/Utils/Strings.php">
      <metrics loc="10" ncloc="10" classes="1" methods="0" coveredmethods="0" statements="0" coveredstatements="0" elements="0" coveredelements="0" conditionals="0" coveredconditionals="0"/>
      <class namespace="App\Model\Utils" name="Strings">
        <metrics methods="0" coveredmethods="0" statements="0" coveredstatements="0" conditionals="0" coveredconditionals="0" elements="0" coveredelements="0"/>
      </class>
      <line num="11" type="stmt" count="1"/>
    </file>
    <file name="/home/zavoram/kecal/app/Model/Utils/FileSystem.php">
      <metrics loc="10" ncloc="10" classes="1" methods="0" coveredmethods="0" statements="0" coveredstatements="0" elements="0" coveredelements="0" conditionals="0" coveredconditionals="0"/>
      <class namespace="App\Model\Utils" name="FileSystem">
        <metrics methods="0" coveredmethods="0" statements="0" coveredstatements="0" conditionals="0" coveredconditionals="0" elements="0" coveredelements="0"/>
      </class>
    </file>
    <file name="/home/zavoram/kecal/app/Model/Utils/Image.php">
      <metrics loc="10" ncloc="10" classes="1" methods="0" coveredmethods="0" statements="0" coveredstatements="0" elements="0" coveredelements="0" conditionals="0" coveredconditionals="0"/>
      <class namespace="App\Model\Utils" name="Image">
        <metrics methods="0" coveredmethods="0" statements="0" coveredstatements="0" conditionals="0" coveredconditionals="0" elements="0" coveredelements="0"/>
      </class>
    </file>
    <file name="/home/zavoram/kecal/app/Model/Utils/Html.php">
      <metrics loc="10" ncloc="10" classes="1" methods="0" coveredmethods="0" statements="0" coveredstatements="0" elements="0" coveredelements="0" conditionals="0" coveredconditionals="0"/>
      <class namespace="App\Model\Utils" name="Html">
        <metrics methods="0" coveredmethods="0" statements="0" coveredstatements="0" conditionals="0" coveredconditionals="0" elements="0" coveredelements="0"/>
      </class>
    </file>
    <file name="/home/zavoram/kecal/app/Model/Utils/Arrays.php">
      <metrics loc="10" ncloc="10" classes="1" methods="0" coveredmethods="0" statements="0" coveredstatements="0" elements="0" coveredelements="0" conditionals="0" coveredconditionals="0"/>
      <class namespace="App\Model\Utils" name="Arrays">
        <metrics methods="0" coveredmethods="0" statements="0" coveredstatements="0" conditionals="0" coveredconditionals="0" elements="0" coveredelements="0"/>
      </class>
    </file>
    <file name="/home/zavoram/kecal/app/Model/Utils/DateTime.php">
      <metrics loc="13" ncloc="10" classes="1" methods="0" coveredmethods="0" statements="0" coveredstatements="0" elements="0" coveredelements="0" conditionals="0" coveredconditionals="0"/>
      <class namespace="App\Model\Utils" name="DateTime">
        <metrics methods="0" coveredmethods="0" statements="0" coveredstatements="0" conditionals="0" coveredconditionals="0" elements="0" coveredelements="0"/>
      </class>
    </file>
    <file name="/home/zavoram/kecal/app/Model/Latte/Filters.php">
      <metrics loc="24" ncloc="24" classes="1" methods="2" coveredmethods="0" statements="2" coveredstatements="0" elements="4" coveredelements="0" conditionals="0" coveredconditionals="0"/>
      <class namespace="App\Model\Latte" name="Filters">
        <metrics methods="2" coveredmethods="0" statements="2" coveredstatements="0" conditionals="0" coveredconditionals="0" elements="4" coveredelements="0"/>
      </class>
      <line num="16" type="stmt" count="0"/>
      <line num="21" type="stmt" count="0"/>
      <line num="25" type="stmt" count="1"/>
    </file>
    <file name="/home/zavoram/kecal/app/Model/Latte/TemplateProperty.php">
      <metrics loc="20" ncloc="12" classes="1" methods="0" coveredmethods="0" statements="0" coveredstatements="0" elements="0" coveredelements="0" conditionals="0" coveredconditionals="0"/>
      <class namespace="App\Model\Latte" name="TemplateProperty">
        <metrics methods="0" coveredmethods="0" statements="0" coveredstatements="0" conditionals="0" coveredconditionals="0" elements="0" coveredelements="0"/>
      </class>
    </file>
    <file name="/home/zavoram/kecal/app/Model/Latte/FilterExecutor.php">
      <metrics loc="30" ncloc="27" classes="1" methods="3" coveredmethods="1" statements="5" coveredstatements="3" elements="8" coveredelements="4" conditionals="0" coveredconditionals="0"/>
      <class namespace="App\Model\Latte" name="FilterExecutor">
        <metrics methods="3" coveredmethods="1" statements="5" coveredstatements="3" conditionals="0" coveredconditionals="0" elements="8" coveredelements="4"/>
      </class>
      <line num="14" type="stmt" count="1"/>
      <line num="22" type="stmt" count="0"/>
      <line num="27" type="stmt" count="0"/>
      <line num="31" type="stmt" count="1"/>
      <line num="12" type="stmt" count="1"/>
      <line num="15" type="stmt" count="1"/>
    </file>
    <file name="/home/zavoram/kecal/app/Model/Latte/Macros.php">
      <metrics loc="16" ncloc="16" classes="1" methods="1" coveredmethods="1" statements="3" coveredstatements="3" elements="4" coveredelements="4" conditionals="0" coveredconditionals="0"/>
      <class namespace="App\Model\Latte" name="Macros">
        <metrics methods="1" coveredmethods="1" statements="3" coveredstatements="3" conditionals="0" coveredconditionals="0" elements="4" coveredelements="4"/>
      </class>
      <line num="13" type="stmt" count="1"/>
      <line num="17" type="stmt" count="1"/>
      <line num="11" type="stmt" count="1"/>
      <line num="14" type="stmt" count="1"/>
    </file>
    <file name="/home/zavoram/kecal/app/Model/Latte/TemplateFactory.php">
      <metrics loc="51" ncloc="46" classes="1" methods="2" coveredmethods="2" statements="12" coveredstatements="12" elements="14" coveredelements="14" conditionals="0" coveredconditionals="0"/>
      <class namespace="App\Model\Latte" name="TemplateFactory">
        <metrics methods="2" coveredmethods="2" statements="12" coveredstatements="12" conditionals="0" coveredconditionals="0" elements="14" coveredelements="14"/>
      </class>
      <line num="30" type="stmt" count="1"/>
      <line num="31" type="stmt" count="1"/>
      <line num="32" type="stmt" count="1"/>
      <line num="38" type="stmt" count="1"/>
      <line num="41" type="stmt" count="1"/>
      <line num="44" type="stmt" count="1"/>
      <line num="45" type="stmt" count="1"/>
      <line num="46" type="stmt" count="1"/>
      <line num="48" type="stmt" count="1"/>
      <line num="52" type="stmt" count="1"/>
      <line num="22" type="stmt" count="1"/>
      <line num="33" type="stmt" count="1"/>
      <line num="35" type="stmt" count="1"/>
    </file>
    <file name="/home/zavoram/kecal/app/Model/Security/Authorizator/StaticAuthorizator.php">
      <metrics loc="47" ncloc="35" classes="1" methods="4" coveredmethods="4" statements="11" coveredstatements="11" elements="15" coveredelements="15" conditionals="0" coveredconditionals="0"/>
      <class namespace="App\Model\Security\Authorizator" name="StaticAuthorizator">
        <metrics methods="4" coveredmethods="4" statements="11" coveredstatements="11" conditionals="0" coveredconditionals="0" elements="15" coveredelements="15"/>
      </class>
      <line num="16" type="stmt" count="1"/>
      <line num="17" type="stmt" count="1"/>
      <line num="18" type="stmt" count="1"/>
      <line num="26" type="stmt" count="1"/>
      <line num="34" type="stmt" count="1"/>
      <line num="42" type="stmt" count="1"/>
      <line num="43" type="stmt" count="1"/>
      <line num="48" type="stmt" count="1"/>
      <line num="27" type="stmt" count="1"/>
      <line num="35" type="stmt" count="1"/>
      <line num="45" type="stmt" count="1"/>
      <line num="19" type="stmt" count="1"/>
    </file>
    <file name="/home/zavoram/kecal/app/Model/Security/SecurityUser.php">
      <metrics loc="19" ncloc="16" classes="1" methods="1" coveredmethods="0" statements="1" coveredstatements="0" elements="2" coveredelements="0" conditionals="0" coveredconditionals="0"/>
      <class namespace="App\Model\Security" name="SecurityUser">
        <metrics methods="1" coveredmethods="0" statements="1" coveredstatements="0" conditionals="0" coveredconditionals="0" elements="2" coveredelements="0"/>
      </class>
      <line num="16" type="stmt" count="0"/>
      <line num="20" type="stmt" count="1"/>
    </file>
    <file name="/home/zavoram/kecal/app/Model/Security/Authenticator/UserAuthenticator.php">
      <metrics loc="52" ncloc="48" classes="1" methods="3" coveredmethods="1" statements="11" coveredstatements="2" elements="14" coveredelements="3" conditionals="0" coveredconditionals="0"/>
      <class namespace="App\Model\Security\Authenticator" name="UserAuthenticator">
        <metrics methods="3" coveredmethods="1" statements="11" coveredstatements="2" conditionals="0" coveredconditionals="0" elements="14" coveredelements="3"/>
      </class>
      <line num="17" type="stmt" count="1"/>
      <line num="31" type="stmt" count="0"/>
      <line num="33" type="stmt" count="0"/>
      <line num="34" type="stmt" count="0"/>
      <line num="37" type="stmt" count="0"/>
      <line num="38" type="stmt" count="0"/>
      <line num="41" type="stmt" count="0"/>
      <line num="42" type="stmt" count="0"/>
      <line num="44" type="stmt" count="0"/>
      <line num="49" type="stmt" count="0"/>
      <line num="53" type="stmt" count="1"/>
      <line num="23" type="stmt" count="1"/>
    </file>
    <file name="/home/zavoram/kecal/app/Model/Security/Passwords.php">
      <metrics loc="15" ncloc="15" classes="1" methods="1" coveredmethods="0" statements="1" coveredstatements="0" elements="2" coveredelements="0" conditionals="0" coveredconditionals="0"/>
      <class namespace="App\Model\Security" name="Passwords">
        <metrics methods="1" coveredmethods="0" statements="1" coveredstatements="0" conditionals="0" coveredconditionals="0" elements="2" coveredelements="0"/>
      </class>
      <line num="12" type="stmt" count="0"/>
      <line num="16" type="stmt" count="1"/>
    </file>
    <file name="/home/zavoram/kecal/app/Model/Security/Identity.php">
      <metrics loc="15" ncloc="15" classes="1" methods="1" coveredmethods="0" statements="1" coveredstatements="0" elements="2" coveredelements="0" conditionals="0" coveredconditionals="0"/>
      <class namespace="App\Model\Security" name="Identity">
        <metrics methods="1" coveredmethods="0" statements="1" coveredstatements="0" conditionals="0" coveredconditionals="0" elements="2" coveredelements="0"/>
      </class>
    </file>
    <file name="/home/zavoram/kecal/app/Model/Database/QueryManager.php">
      <metrics loc="27" ncloc="27" classes="1" methods="3" coveredmethods="1" statements="4" coveredstatements="2" elements="7" coveredelements="3" conditionals="0" coveredconditionals="0"/>
      <class namespace="App\Model\Database" name="QueryManager">
        <metrics methods="3" coveredmethods="1" statements="4" coveredstatements="2" conditionals="0" coveredconditionals="0" elements="7" coveredelements="3"/>
      </class>
      <line num="11" type="stmt" count="1"/>
      <line num="19" type="stmt" count="0"/>
      <line num="24" type="stmt" count="0"/>
      <line num="28" type="stmt" count="1"/>
      <line num="15" type="stmt" count="1"/>
    </file>
    <file name="/home/zavoram/kecal/app/Model/Database/Query/AbstractQuery.php">
      <metrics loc="33" ncloc="31" classes="1" methods="2" coveredmethods="1" statements="5" coveredstatements="0" elements="7" coveredelements="1" conditionals="0" coveredconditionals="0"/>
      <class namespace="App\Model\Database\Query" name="AbstractQuery">
        <metrics methods="2" coveredmethods="1" statements="5" coveredstatements="0" conditionals="0" coveredconditionals="0" elements="7" coveredelements="1"/>
      </class>
      <line num="22" type="stmt" count="0"/>
      <line num="24" type="stmt" count="0"/>
      <line num="26" type="stmt" count="0"/>
      <line num="27" type="stmt" count="0"/>
      <line num="30" type="stmt" count="0"/>
      <line num="34" type="stmt" count="1"/>
    </file>
    <file name="/home/zavoram/kecal/app/Model/Database/Query/Queryable.php">
      <metrics loc="13" ncloc="13" classes="0" methods="0" coveredmethods="0" statements="0" coveredstatements="0" elements="0" coveredelements="0" conditionals="0" coveredconditionals="0"/>
      <line num="14" type="stmt" count="1"/>
    </file>
    <file name="/home/zavoram/kecal/app/Model/Database/EntityManagerDecorator.php">
      <metrics loc="10" ncloc="10" classes="1" methods="0" coveredmethods="0" statements="0" coveredstatements="0" elements="0" coveredelements="0" conditionals="0" coveredconditionals="0"/>
      <class namespace="App\Model\Database" name="EntityManagerDecorator">
        <metrics methods="0" coveredmethods="0" statements="0" coveredstatements="0" conditionals="0" coveredconditionals="0" elements="0" coveredelements="0"/>
      </class>
      <line num="11" type="stmt" count="1"/>
    </file>
    <file name="/home/zavoram/kecal/app/Model/Database/Repository/AbstractRepository.php">
      <metrics loc="14" ncloc="10" classes="1" methods="0" coveredmethods="0" statements="0" coveredstatements="0" elements="0" coveredelements="0" conditionals="0" coveredconditionals="0"/>
      <class namespace="App\Model\Database\Repository" name="AbstractRepository">
        <metrics methods="0" coveredmethods="0" statements="0" coveredstatements="0" conditionals="0" coveredconditionals="0" elements="0" coveredelements="0"/>
      </class>
      <line num="15" type="stmt" count="1"/>
    </file>
    <file name="/home/zavoram/kecal/app/Model/Database/Entity/TCreatedAt.php">
      <metrics loc="30" ncloc="23" classes="1" methods="2" coveredmethods="0" statements="2" coveredstatements="0" elements="4" coveredelements="0" conditionals="0" coveredconditionals="0"/>
      <class namespace="App\Model\Database\Entity" name="TCreatedAt">
        <metrics methods="2" coveredmethods="0" statements="2" coveredstatements="0" conditionals="0" coveredconditionals="0" elements="4" coveredelements="0"/>
      </class>
      <line num="16" type="stmt" count="0"/>
      <line num="27" type="stmt" count="0"/>
      <line num="31" type="stmt" count="1"/>
    </file>
    <file name="/home/zavoram/kecal/app/Model/Database/Entity/TId.php">
      <metrics loc="27" ncloc="22" classes="1" methods="2" coveredmethods="0" statements="2" coveredstatements="0" elements="4" coveredelements="0" conditionals="0" coveredconditionals="0"/>
      <class namespace="App\Model\Database\Entity" name="TId">
        <metrics methods="2" coveredmethods="0" statements="2" coveredstatements="0" conditionals="0" coveredconditionals="0" elements="4" coveredelements="0"/>
      </class>
      <line num="19" type="stmt" count="0"/>
      <line num="24" type="stmt" count="0"/>
      <line num="28" type="stmt" count="1"/>
    </file>
    <file name="/home/zavoram/kecal/app/Model/Database/Entity/AbstractEntity.php">
      <metrics loc="8" ncloc="8" classes="1" methods="0" coveredmethods="0" statements="0" coveredstatements="0" elements="0" coveredelements="0" conditionals="0" coveredconditionals="0"/>
      <class namespace="App\Model\Database\Entity" name="AbstractEntity">
        <metrics methods="0" coveredmethods="0" statements="0" coveredstatements="0" conditionals="0" coveredconditionals="0" elements="0" coveredelements="0"/>
      </class>
      <line num="9" type="stmt" count="1"/>
    </file>
    <file name="/home/zavoram/kecal/app/Model/Database/Entity/TUpdatedAt.php">
      <metrics loc="33" ncloc="23" classes="1" methods="2" coveredmethods="0" statements="2" coveredstatements="0" elements="4" coveredelements="0" conditionals="0" coveredconditionals="0"/>
      <class namespace="App\Model\Database\Entity" name="TUpdatedAt">
        <metrics methods="2" coveredmethods="0" statements="2" coveredstatements="0" conditionals="0" coveredconditionals="0" elements="4" coveredelements="0"/>
      </class>
      <line num="19" type="stmt" count="0"/>
      <line num="30" type="stmt" count="0"/>
      <line num="34" type="stmt" count="1"/>
    </file>
    <file name="/home/zavoram/kecal/app/Bootstrap.php">
      <metrics loc="72" ncloc="67" classes="1" methods="3" coveredmethods="0" statements="28" coveredstatements="15" elements="31" coveredelements="15" conditionals="0" coveredconditionals="0"/>
      <class namespace="App" name="Bootstrap">
        <metrics methods="3" coveredmethods="0" statements="28" coveredstatements="15" conditionals="0" coveredconditionals="0" elements="31" coveredelements="15"/>
      </class>
      <line num="16" type="stmt" count="1"/>
      <line num="17" type="stmt" count="1"/>
      <line num="20" type="stmt" count="1"/>
      <line num="25" type="stmt" count="1"/>
      <line num="28" type="stmt" count="1"/>
      <line num="29" type="stmt" count="1"/>
      <line num="32" type="stmt" count="1"/>
      <line num="33" type="stmt" count="1"/>
      <line num="35" type="stmt" count="1"/>
      <line num="39" type="stmt" count="1"/>
      <line num="40" type="stmt" count="0"/>
      <line num="42" type="stmt" count="1"/>
      <line num="45" type="stmt" count="1"/>
      <line num="47" type="stmt" count="1"/>
      <line num="52" type="stmt" count="0"/>
      <line num="53" type="stmt" count="0"/>
      <line num="54" type="stmt" count="0"/>
      <line num="56" type="stmt" count="0"/>
      <line num="57" type="stmt" count="0"/>
      <line num="58" type="stmt" count="0"/>
      <line num="63" type="stmt" count="0"/>
      <line num="64" type="stmt" count="0"/>
      <line num="65" type="stmt" count="0"/>
      <line num="67" type="stmt" count="0"/>
      <line num="68" type="stmt" count="0"/>
      <line num="69" type="stmt" count="0"/>
      <line num="73" type="stmt" count="1"/>
      <line num="21" type="stmt" count="1"/>
      <line num="22" type="stmt" count="1"/>
    </file>
    <file name="/home/zavoram/kecal/app/UI/Form/FormFactory.php">
      <metrics loc="23" ncloc="23" classes="1" methods="3" coveredmethods="0" statements="3" coveredstatements="0" elements="6" coveredelements="0" conditionals="0" coveredconditionals="0"/>
      <class namespace="App\UI\Form" name="FormFactory">
        <metrics methods="3" coveredmethods="0" statements="3" coveredstatements="0" conditionals="0" coveredconditionals="0" elements="6" coveredelements="0"/>
      </class>
      <line num="10" type="stmt" count="0"/>
      <line num="15" type="stmt" count="0"/>
      <line num="20" type="stmt" count="0"/>
      <line num="24" type="stmt" count="1"/>
    </file>
    <file name="/home/zavoram/kecal/app/UI/Form/BaseForm.php">
      <metrics loc="21" ncloc="21" classes="1" methods="1" coveredmethods="0" statements="6" coveredstatements="0" elements="7" coveredelements="0" conditionals="0" coveredconditionals="0"/>
      <class namespace="App\UI\Form" name="BaseForm">
        <metrics methods="1" coveredmethods="0" statements="6" coveredstatements="0" conditionals="0" coveredconditionals="0" elements="7" coveredelements="0"/>
      </class>
    </file>
    <file name="/home/zavoram/kecal/app/UI/Control/TModuleUtils.php">
      <metrics loc="63" ncloc="46" classes="1" methods="3" coveredmethods="0" statements="13" coveredstatements="0" elements="16" coveredelements="0" conditionals="0" coveredconditionals="0"/>
      <class namespace="App\UI\Control" name="TModuleUtils">
        <metrics methods="3" coveredmethods="0" statements="13" coveredstatements="0" conditionals="0" coveredconditionals="0" elements="16" coveredelements="0"/>
      </class>
      <line num="38" type="stmt" count="0"/>
      <line num="19" type="stmt" count="0"/>
      <line num="22" type="stmt" count="0"/>
      <line num="23" type="stmt" count="0"/>
      <line num="26" type="stmt" count="0"/>
      <line num="28" type="stmt" count="0"/>
      <line num="46" type="stmt" count="0"/>
      <line num="49" type="stmt" count="0"/>
      <line num="50" type="stmt" count="0"/>
      <line num="53" type="stmt" count="0"/>
      <line num="56" type="stmt" count="0"/>
      <line num="57" type="stmt" count="0"/>
      <line num="60" type="stmt" count="0"/>
      <line num="64" type="stmt" count="1"/>
    </file>
    <file name="/home/zavoram/kecal/app/UI/Control/BaseControl.php">
      <metrics loc="16" ncloc="12" classes="1" methods="0" coveredmethods="0" statements="0" coveredstatements="0" elements="0" coveredelements="0" conditionals="0" coveredconditionals="0"/>
      <class namespace="App\UI\Control" name="BaseControl">
        <metrics methods="0" coveredmethods="0" statements="0" coveredstatements="0" conditionals="0" coveredconditionals="0" elements="0" coveredelements="0"/>
      </class>
    </file>
    <file name="/home/zavoram/kecal/app/UI/Control/TTranslate.php">
      <metrics loc="19" ncloc="15" classes="1" methods="1" coveredmethods="0" statements="1" coveredstatements="0" elements="2" coveredelements="0" conditionals="0" coveredconditionals="0"/>
      <class namespace="App\UI\Control" name="TTranslate">
        <metrics methods="1" coveredmethods="0" statements="1" coveredstatements="0" conditionals="0" coveredconditionals="0" elements="2" coveredelements="0"/>
      </class>
    </file>
    <file name="/home/zavoram/kecal/app/UI/Control/TFlashMessage.php">
      <metrics loc="49" ncloc="41" classes="1" methods="5" coveredmethods="0" statements="7" coveredstatements="0" elements="12" coveredelements="0" conditionals="0" coveredconditionals="0"/>
      <class namespace="App\UI\Control" name="TFlashMessage">
        <metrics methods="5" coveredmethods="0" statements="7" coveredstatements="0" conditionals="0" coveredconditionals="0" elements="12" coveredelements="0"/>
      </class>
      <line num="22" type="stmt" count="0"/>
      <line num="23" type="stmt" count="0"/>
      <line num="26" type="stmt" count="0"/>
      <line num="31" type="stmt" count="0"/>
      <line num="36" type="stmt" count="0"/>
      <line num="41" type="stmt" count="0"/>
      <line num="46" type="stmt" count="0"/>
      <line num="50" type="stmt" count="1"/>
    </file>
    <file name="/home/zavoram/kecal/app/UI/Modules/Error/ErrorPresenter.php">
      <metrics loc="10" ncloc="10" classes="1" methods="0" coveredmethods="0" statements="0" coveredstatements="0" elements="0" coveredelements="0" conditionals="0" coveredconditionals="0"/>
      <class namespace="App\UI\Modules\Error" name="ErrorPresenter">
        <metrics methods="0" coveredmethods="0" statements="0" coveredstatements="0" conditionals="0" coveredconditionals="0" elements="0" coveredelements="0"/>
      </class>
      <line num="11" type="stmt" count="1"/>
    </file>
    <file name="/home/zavoram/kecal/app/UI/Modules/Base/BaseErrorPresenter.php">
      <metrics loc="57" ncloc="54" classes="1" methods="0" coveredmethods="0" statements="0" coveredstatements="0" elements="0" coveredelements="0" conditionals="0" coveredconditionals="0"/>
      <class namespace="App\UI\Modules\Base" name="BaseErrorPresenter">
        <metrics methods="0" coveredmethods="0" statements="0" coveredstatements="0" conditionals="0" coveredconditionals="0" elements="0" coveredelements="0"/>
      </class>
      <line num="26" type="stmt" count="0"/>
      <line num="28" type="stmt" count="0"/>
      <line num="29" type="stmt" count="0"/>
      <line num="30" type="stmt" count="0"/>
      <line num="32" type="stmt" count="0"/>
      <line num="33" type="stmt" count="0"/>
      <line num="35" type="stmt" count="0"/>
      <line num="36" type="stmt" count="0"/>
      <line num="37" type="stmt" count="0"/>
      <line num="38" type="stmt" count="0"/>
      <line num="40" type="stmt" count="0"/>
      <line num="43" type="stmt" count="0"/>
      <line num="44" type="stmt" count="0"/>
      <line num="46" type="stmt" count="0"/>
      <line num="49" type="stmt" count="0"/>
      <line num="54" type="stmt" count="0"/>
      <line num="58" type="stmt" count="1"/>
    </file>
    <file name="/home/zavoram/kecal/app/UI/Modules/Base/BaseError4xxPresenter.php">
      <metrics loc="44" ncloc="39" classes="1" methods="1" coveredmethods="0" statements="7" coveredstatements="0" elements="8" coveredelements="0" conditionals="0" coveredconditionals="0"/>
      <class namespace="App\UI\Modules\Base" name="BaseError4xxPresenter">
        <metrics methods="1" coveredmethods="0" statements="7" coveredstatements="0" conditionals="0" coveredconditionals="0" elements="8" coveredelements="0"/>
      </class>
      <line num="18" type="stmt" count="0"/>
      <line num="20" type="stmt" count="0"/>
      <line num="21" type="stmt" count="0"/>
      <line num="24" type="stmt" count="0"/>
      <line num="29" type="stmt" count="0"/>
      <line num="30" type="stmt" count="0"/>
      <line num="33" type="stmt" count="0"/>
      <line num="34" type="stmt" count="0"/>
      <line num="37" type="stmt" count="0"/>
      <line num="40" type="stmt" count="0"/>
      <line num="41" type="stmt" count="0"/>
      <line num="45" type="stmt" count="1"/>
    </file>
    <file name="/home/zavoram/kecal/app/UI/Modules/Base/SecuredPresenter.php">
      <metrics loc="25" ncloc="25" classes="1" methods="0" coveredmethods="0" statements="0" coveredstatements="0" elements="0" coveredelements="0" conditionals="0" coveredconditionals="0"/>
      <class namespace="App\UI\Modules\Base" name="SecuredPresenter">
        <metrics methods="0" coveredmethods="0" statements="0" coveredstatements="0" conditionals="0" coveredconditionals="0" elements="0" coveredelements="0"/>
      </class>
      <line num="13" type="stmt" count="0"/>
      <line num="14" type="stmt" count="0"/>
      <line num="15" type="stmt" count="0"/>
      <line num="18" type="stmt" count="0"/>
      <line num="19" type="stmt" count="0"/>
      <line num="20" type="stmt" count="0"/>
      <line num="26" type="stmt" count="1"/>
    </file>
    <file name="/home/zavoram/kecal/app/UI/Modules/Base/templates/500.phtml">
      <metrics loc="27" ncloc="27" classes="0" methods="0" coveredmethods="0" statements="0" coveredstatements="0" elements="0" coveredelements="0" conditionals="0" coveredconditionals="0"/>
    </file>
    <file name="/home/zavoram/kecal/app/UI/Modules/Base/BasePresenter.php">
      <metrics loc="23" ncloc="19" classes="1" methods="0" coveredmethods="0" statements="0" coveredstatements="0" elements="0" coveredelements="0" conditionals="0" coveredconditionals="0"/>
      <class namespace="App\UI\Modules\Base" name="BasePresenter">
        <metrics methods="0" coveredmethods="0" statements="0" coveredstatements="0" conditionals="0" coveredconditionals="0" elements="0" coveredelements="0"/>
      </class>
      <line num="24" type="stmt" count="1"/>
    </file>
    <file name="/home/zavoram/kecal/app/UI/Modules/Base/UnsecuredPresenter.php">
      <metrics loc="8" ncloc="8" classes="1" methods="0" coveredmethods="0" statements="0" coveredstatements="0" elements="0" coveredelements="0" conditionals="0" coveredconditionals="0"/>
      <class namespace="App\UI\Modules\Base" name="UnsecuredPresenter">
        <metrics methods="0" coveredmethods="0" statements="0" coveredstatements="0" conditionals="0" coveredconditionals="0" elements="0" coveredelements="0"/>
      </class>
      <line num="9" type="stmt" count="1"/>
    </file>
    <file name="/home/zavoram/kecal/app/UI/Modules/Error4xx/Error4xxPresenter.php">
      <metrics loc="10" ncloc="10" classes="1" methods="0" coveredmethods="0" statements="0" coveredstatements="0" elements="0" coveredelements="0" conditionals="0" coveredconditionals="0"/>
      <class namespace="App\UI\Modules\Error4xx" name="Error4xxPresenter">
        <metrics methods="0" coveredmethods="0" statements="0" coveredstatements="0" conditionals="0" coveredconditionals="0" elements="0" coveredelements="0"/>
      </class>
      <line num="11" type="stmt" count="1"/>
    </file>
    <file name="/home/zavoram/kecal/app/UI/Modules/Front/Chat/ChatPresenter.php">
      <metrics loc="8" ncloc="8" classes="1" methods="0" coveredmethods="0" statements="0" coveredstatements="0" elements="0" coveredelements="0" conditionals="0" coveredconditionals="0"/>
      <class namespace="App\UI\Modules\Front\Chat" name="ChatPresenter">
        <metrics methods="0" coveredmethods="0" statements="0" coveredstatements="0" conditionals="0" coveredconditionals="0" elements="0" coveredelements="0"/>
      </class>
      <line num="9" type="stmt" count="1"/>
    </file>
    <file name="/home/zavoram/kecal/app/UI/Modules/Front/SignUp/SignUpPresenter.php">
      <metrics loc="90" ncloc="83" classes="1" methods="3" coveredmethods="0" statements="41" coveredstatements="0" elements="44" coveredelements="0" conditionals="0" coveredconditionals="0"/>
      <class namespace="App\UI\Modules\Front\SignUp" name="SignUpPresenter">
        <metrics methods="3" coveredmethods="0" statements="41" coveredstatements="0" conditionals="0" coveredconditionals="0" elements="44" coveredelements="0"/>
      </class>
      <line num="20" type="stmt" count="0"/>
      <line num="21" type="stmt" count="0"/>
      <line num="26" type="stmt" count="0"/>
      <line num="28" type="stmt" count="0"/>
      <line num="29" type="stmt" count="0"/>
      <line num="30" type="stmt" count="0"/>
      <line num="31" type="stmt" count="0"/>
      <line num="33" type="stmt" count="0"/>
      <line num="34" type="stmt" count="0"/>
      <line num="35" type="stmt" count="0"/>
      <line num="36" type="stmt" count="0"/>
      <line num="38" type="stmt" count="0"/>
      <line num="39" type="stmt" count="0"/>
      <line num="40" type="stmt" count="0"/>
      <line num="41" type="stmt" count="0"/>
      <line num="44" type="stmt" count="0"/>
      <line num="45" type="stmt" count="0"/>
      <line num="46" type="stmt" count="0"/>
      <line num="47" type="stmt" count="0"/>
      <line num="50" type="stmt" count="0"/>
      <line num="51" type="stmt" count="0"/>
      <line num="52" type="stmt" count="0"/>
      <line num="53" type="stmt" count="0"/>
      <line num="56" type="stmt" count="0"/>
      <line num="57" type="stmt" count="0"/>
      <line num="58" type="stmt" count="0"/>
      <line num="59" type="stmt" count="0"/>
      <line num="60" type="stmt" count="0"/>
      <line num="63" type="stmt" count="0"/>
      <line num="64" type="stmt" count="0"/>
      <line num="66" type="stmt" count="0"/>
      <line num="68" type="stmt" count="0"/>
      <line num="70" type="stmt" count="0"/>
      <line num="75" type="stmt" count="0"/>
      <line num="77" type="stmt" count="0"/>
      <line num="79" type="stmt" count="0"/>
      <line num="80" type="stmt" count="0"/>
      <line num="81" type="stmt" count="0"/>
      <line num="82" type="stmt" count="0"/>
      <line num="83" type="stmt" count="0"/>
      <line num="87" type="stmt" count="0"/>
      <line num="91" type="stmt" count="1"/>
    </file>
    <file name="/home/zavoram/kecal/app/UI/Modules/Front/LogIn/LogInPresenter.php">
      <metrics loc="65" ncloc="57" classes="1" methods="3" coveredmethods="0" statements="22" coveredstatements="0" elements="25" coveredelements="0" conditionals="0" coveredconditionals="0"/>
      <class namespace="App\UI\Modules\Front\LogIn" name="LogInPresenter">
        <metrics methods="3" coveredmethods="0" statements="22" coveredstatements="0" conditionals="0" coveredconditionals="0" elements="25" coveredelements="0"/>
      </class>
      <line num="19" type="stmt" count="0"/>
      <line num="20" type="stmt" count="0"/>
      <line num="25" type="stmt" count="0"/>
      <line num="27" type="stmt" count="0"/>
      <line num="28" type="stmt" count="0"/>
      <line num="30" type="stmt" count="0"/>
      <line num="33" type="stmt" count="0"/>
      <line num="34" type="stmt" count="0"/>
      <line num="40" type="stmt" count="0"/>
      <line num="43" type="stmt" count="0"/>
      <line num="44" type="stmt" count="0"/>
      <line num="45" type="stmt" count="0"/>
      <line num="46" type="stmt" count="0"/>
      <line num="49" type="stmt" count="0"/>
      <line num="50" type="stmt" count="0"/>
      <line num="51" type="stmt" count="0"/>
      <line num="52" type="stmt" count="0"/>
      <line num="55" type="stmt" count="0"/>
      <line num="56" type="stmt" count="0"/>
      <line num="58" type="stmt" count="0"/>
      <line num="60" type="stmt" count="0"/>
      <line num="62" type="stmt" count="0"/>
      <line num="66" type="stmt" count="1"/>
    </file>
    <file name="/home/zavoram/kecal/app/UI/Modules/Front/Error/ErrorPresenter.php">
      <metrics loc="10" ncloc="10" classes="1" methods="0" coveredmethods="0" statements="0" coveredstatements="0" elements="0" coveredelements="0" conditionals="0" coveredconditionals="0"/>
      <class namespace="App\UI\Modules\Front\Error" name="ErrorPresenter">
        <metrics methods="0" coveredmethods="0" statements="0" coveredstatements="0" conditionals="0" coveredconditionals="0" elements="0" coveredelements="0"/>
      </class>
      <line num="11" type="stmt" count="1"/>
    </file>
    <file name="/home/zavoram/kecal/app/UI/Modules/Front/BaseFrontPresenter.php">
      <metrics loc="10" ncloc="10" classes="1" methods="0" coveredmethods="0" statements="0" coveredstatements="0" elements="0" coveredelements="0" conditionals="0" coveredconditionals="0"/>
      <class namespace="App\UI\Modules\Front" name="BaseFrontPresenter">
        <metrics methods="0" coveredmethods="0" statements="0" coveredstatements="0" conditionals="0" coveredconditionals="0" elements="0" coveredelements="0"/>
      </class>
      <line num="11" type="stmt" count="1"/>
    </file>
    <file name="/home/zavoram/kecal/app/UI/Modules/Front/Error4xx/Error4xxPresenter.php">
      <metrics loc="10" ncloc="10" classes="1" methods="0" coveredmethods="0" statements="0" coveredstatements="0" elements="0" coveredelements="0" conditionals="0" coveredconditionals="0"/>
      <class namespace="App\UI\Modules\Front\Error4xx" name="Error4xxPresenter">
        <metrics methods="0" coveredmethods="0" statements="0" coveredstatements="0" conditionals="0" coveredconditionals="0" elements="0" coveredelements="0"/>
      </class>
      <line num="11" type="stmt" count="1"/>
    </file>
    <file name="/home/zavoram/kecal/app/Console/HelloCommand.php">
      <metrics loc="29" ncloc="29" classes="1" methods="2" coveredmethods="0" statements="4" coveredstatements="0" elements="6" coveredelements="0" conditionals="0" coveredconditionals="0"/>
      <class namespace="App\Console" name="HelloCommand">
        <metrics methods="2" coveredmethods="0" statements="4" coveredstatements="0" conditionals="0" coveredconditionals="0" elements="6" coveredelements="0"/>
      </class>
      <line num="18" type="stmt" count="0"/>
      <line num="19" type="stmt" count="0"/>
      <line num="24" type="stmt" count="0"/>
      <line num="26" type="stmt" count="0"/>
      <line num="30" type="stmt" count="1"/>
    </file>
    <file name="/home/zavoram/kecal/app/Domain/Http/RequestLoggerSubscriber.php">
      <metrics loc="25" ncloc="22" classes="1" methods="2" coveredmethods="0" statements="2" coveredstatements="0" elements="4" coveredelements="0" conditionals="0" coveredconditionals="0"/>
      <class namespace="App\Domain\Http" name="RequestLoggerSubscriber">
        <metrics methods="2" coveredmethods="0" statements="2" coveredstatements="0" conditionals="0" coveredconditionals="0" elements="4" coveredelements="0"/>
      </class>
      <line num="17" type="stmt" count="0"/>
      <line num="22" type="stmt" count="0"/>
      <line num="26" type="stmt" count="1"/>
    </file>
    <file name="/home/zavoram/kecal/app/Domain/User/UserRepository.php">
      <metrics loc="66" ncloc="59" classes="1" methods="3" coveredmethods="0" statements="16" coveredstatements="0" elements="19" coveredelements="0" conditionals="0" coveredconditionals="0"/>
      <class namespace="App\Domain\User" name="UserRepository">
        <metrics methods="3" coveredmethods="0" statements="16" coveredstatements="0" conditionals="0" coveredconditionals="0" elements="19" coveredelements="0"/>
      </class>
      <line num="20" type="stmt" count="0"/>
      <line num="31" type="stmt" count="0"/>
      <line num="32" type="stmt" count="0"/>
      <line num="38" type="stmt" count="0"/>
      <line num="39" type="stmt" count="0"/>
      <line num="41" type="stmt" count="0"/>
      <line num="46" type="stmt" count="0"/>
      <line num="47" type="stmt" count="0"/>
      <line num="50" type="stmt" count="0"/>
      <line num="51" type="stmt" count="0"/>
      <line num="54" type="stmt" count="0"/>
      <line num="55" type="stmt" count="0"/>
      <line num="56" type="stmt" count="0"/>
      <line num="59" type="stmt" count="0"/>
      <line num="60" type="stmt" count="0"/>
      <line num="63" type="stmt" count="0"/>
      <line num="67" type="stmt" count="1"/>
    </file>
    <file name="/home/zavoram/kecal/app/Domain/User/User.php">
      <metrics loc="190" ncloc="174" classes="1" methods="22" coveredmethods="0" statements="36" coveredstatements="0" elements="58" coveredelements="0" conditionals="0" coveredconditionals="0"/>
      <class namespace="App\Domain\User" name="User">
        <metrics methods="22" coveredmethods="0" statements="36" coveredstatements="0" conditionals="0" coveredconditionals="0" elements="58" coveredelements="0"/>
      </class>
      <line num="64" type="stmt" count="0"/>
      <line num="65" type="stmt" count="0"/>
      <line num="66" type="stmt" count="0"/>
      <line num="67" type="stmt" count="0"/>
      <line num="68" type="stmt" count="0"/>
      <line num="70" type="stmt" count="0"/>
      <line num="71" type="stmt" count="0"/>
      <line num="76" type="stmt" count="0"/>
      <line num="81" type="stmt" count="0"/>
      <line num="86" type="stmt" count="0"/>
      <line num="91" type="stmt" count="0"/>
      <line num="96" type="stmt" count="0"/>
      <line num="101" type="stmt" count="0"/>
      <line num="106" type="stmt" count="0"/>
      <line num="111" type="stmt" count="0"/>
      <line num="116" type="stmt" count="0"/>
      <line num="121" type="stmt" count="0"/>
      <line num="126" type="stmt" count="0"/>
      <line num="131" type="stmt" count="0"/>
      <line num="136" type="stmt" count="0"/>
      <line num="141" type="stmt" count="0"/>
      <line num="146" type="stmt" count="0"/>
      <line num="151" type="stmt" count="0"/>
      <line num="152" type="stmt" count="0"/>
      <line num="157" type="stmt" count="0"/>
      <line num="162" type="stmt" count="0"/>
      <line num="163" type="stmt" count="0"/>
      <line num="166" type="stmt" count="0"/>
      <line num="171" type="stmt" count="0"/>
      <line num="176" type="stmt" count="0"/>
      <line num="177" type="stmt" count="0"/>
      <line num="178" type="stmt" count="0"/>
      <line num="179" type="stmt" count="0"/>
      <line num="180" type="stmt" count="0"/>
      <line num="181" type="stmt" count="0"/>
      <line num="187" type="stmt" count="0"/>
      <line num="191" type="stmt" count="1"/>
    </file>
    <file name="/home/zavoram/kecal/app/Domain/User/UserQuery.php">
      <metrics loc="34" ncloc="34" classes="1" methods="2" coveredmethods="0" statements="4" coveredstatements="0" elements="6" coveredelements="0" conditionals="0" coveredconditionals="0"/>
      <class namespace="App\Domain\User" name="UserQuery">
        <metrics methods="2" coveredmethods="0" statements="4" coveredstatements="0" conditionals="0" coveredconditionals="0" elements="6" coveredelements="0"/>
      </class>
      <line num="13" type="stmt" count="0"/>
      <line num="14" type="stmt" count="0"/>
      <line num="21" type="stmt" count="0"/>
      <line num="26" type="stmt" count="0"/>
      <line num="35" type="stmt" count="1"/>
    </file>
    <file name="/home/zavoram/kecal/app/Domain/User/CreateUserFacade.php">
      <metrics loc="46" ncloc="40" classes="1" methods="2" coveredmethods="0" statements="12" coveredstatements="0" elements="14" coveredelements="0" conditionals="0" coveredconditionals="0"/>
      <class namespace="App\Domain\User" name="CreateUserFacade">
        <metrics methods="2" coveredmethods="0" statements="12" coveredstatements="0" conditionals="0" coveredconditionals="0" elements="14" coveredelements="0"/>
      </class>
      <line num="17" type="stmt" count="0"/>
      <line num="26" type="stmt" count="0"/>
      <line num="27" type="stmt" count="0"/>
      <line num="28" type="stmt" count="0"/>
      <line num="29" type="stmt" count="0"/>
      <line num="30" type="stmt" count="0"/>
      <line num="31" type="stmt" count="0"/>
      <line num="35" type="stmt" count="0"/>
      <line num="36" type="stmt" count="0"/>
      <line num="40" type="stmt" count="0"/>
      <line num="41" type="stmt" count="0"/>
      <line num="43" type="stmt" count="0"/>
      <line num="47" type="stmt" count="1"/>
    </file>
  </project>
</coverage>
